<?xml version="1.0" encoding="UTF-8"?>
<testsuite name="is.ru.stringcalculator.CalculatorTest" tests="13" skipped="0" failures="0" errors="0" timestamp="2015-10-17T16:47:19" hostname="ubuntu" time="0.016">
  <properties/>
  <testcase name="testMultipleLongCustomDelimeter" classname="is.ru.stringcalculator.CalculatorTest" time="0.01"/>
  <testcase name="testMixedDelimeters" classname="is.ru.stringcalculator.CalculatorTest" time="0.0"/>
  <testcase name="testCustomDelimeter" classname="is.ru.stringcalculator.CalculatorTest" time="0.0"/>
  <testcase name="testMultipleNegativeNumber" classname="is.ru.stringcalculator.CalculatorTest" time="0.0"/>
  <testcase name="testMultipleNumbers" classname="is.ru.stringcalculator.CalculatorTest" time="0.0"/>
  <testcase name="testMultipleNumbersEvenMore" classname="is.ru.stringcalculator.CalculatorTest" time="0.001"/>
  <testcase name="testMultipleCustomDelimeter" classname="is.ru.stringcalculator.CalculatorTest" time="0.0"/>
  <testcase name="testEmptyString" classname="is.ru.stringcalculator.CalculatorTest" time="0.0"/>
  <testcase name="testNegativeNumber" classname="is.ru.stringcalculator.CalculatorTest" time="0.001"/>
  <testcase name="testLargeNumbers" classname="is.ru.stringcalculator.CalculatorTest" time="0.0"/>
  <testcase name="testLongCustomDelimeter" classname="is.ru.stringcalculator.CalculatorTest" time="0.0"/>
  <testcase name="testTwoNumbers" classname="is.ru.stringcalculator.CalculatorTest" time="0.0"/>
  <testcase name="testOneNumber" classname="is.ru.stringcalculator.CalculatorTest" time="0.0"/>
  <system-out><![CDATA[[1, , , , , , , 2, , , , , 3]
[1, 2, 3]
[1, 2, 3]
[1, 2]
[2, -4, 3, -5]
[1, 2, 3]
[1, 2, 3, 4, 5, 6, 7, 8, 9]
[1, 2, 3]
[]
[-1, 2]
[1000, 2]
[1, , , 2, , , 3]
[1, 2]
[1]
[2]
]]></system-out>
  <system-err><![CDATA[]]></system-err>
</testsuite>
